<?xml version="1.0" encoding="UTF-8"?>
<testsuites name="jest tests" tests="5" failures="0" errors="0" time="7.763">
  <testsuite name="Product Controller" errors="0" failures="0" skipped="0" timestamp="2024-06-12T14:26:11" time="7.471" tests="5">
    <testcase classname="Product Controller should create a new product" name="Product Controller should create a new product" time="0.443">
    </testcase>
    <testcase classname="Product Controller should get a product by ID" name="Product Controller should get a product by ID" time="0.196">
    </testcase>
    <testcase classname="Product Controller should get all products" name="Product Controller should get all products" time="0.09">
    </testcase>
    <testcase classname="Product Controller should update a product" name="Product Controller should update a product" time="0.11">
    </testcase>
    <testcase classname="Product Controller should delete a product" name="Product Controller should delete a product" time="0.067">
    </testcase>
  </testsuite>
</testsuites>